<?xml version="1.0" encoding="UTF-8"?>
<!-- Generated by org.testng.reporters.JUnitReportReporter -->
<testsuite hostname="ajay-singh-lodhi" failures="0" tests="1" name="grit_controls.Coordinates" time="12.952" errors="0" timestamp="2024-02-05T17:50:25 IST" skipped="0">
  <testcase classname="grit_controls.Coordinates" name="f" time="12.952"/>
  <system-out/>
</testsuite> <!-- grit_controls.Coordinates -->
