<?xml version="1.0" encoding="UTF-8"?>
<!-- Generated by org.testng.reporters.JUnitReportReporter -->
<testsuite hostname="ajay-singh-lodhi" failures="0" tests="12" name="grit_controls.MiscellaneousforGroup" time="230.779" errors="0" timestamp="2023-09-09T18:02:00 IST" skipped="0">
  <testcase classname="grit_controls.MiscellaneousforGroup" name="test08" time="13.706"/>
  <system-out/>
  <testcase classname="grit_controls.MiscellaneousforGroup" name="test03" time="23.637"/>
  <system-out/>
  <testcase classname="grit_controls.MiscellaneousforGroup" name="test01" time="20.366"/>
  <system-out/>
  <testcase classname="grit_controls.MiscellaneousforGroup" name="test" time="20.763"/>
  <system-out/>
  <testcase classname="grit_controls.MiscellaneousforGroup" name="test09" time="13.620"/>
  <system-out/>
  <testcase classname="grit_controls.MiscellaneousforGroup" name="test02" time="23.516"/>
  <system-out/>
  <testcase classname="grit_controls.MiscellaneousforGroup" name="test10" time="31.922"/>
  <system-out/>
  <testcase classname="grit_controls.MiscellaneousforGroup" name="test05" time="13.692"/>
  <system-out/>
  <testcase classname="grit_controls.MiscellaneousforGroup" name="test06" time="13.761"/>
  <system-out/>
  <testcase classname="grit_controls.MiscellaneousforGroup" name="test11" time="28.142"/>
  <system-out/>
  <testcase classname="grit_controls.MiscellaneousforGroup" name="test04" time="13.848"/>
  <system-out/>
  <testcase classname="grit_controls.MiscellaneousforGroup" name="test07" time="13.806"/>
  <system-out/>
</testsuite> <!-- grit_controls.MiscellaneousforGroup -->
