<?xml version="1.0" encoding="UTF-8"?>
<!-- Generated by org.testng.reporters.JUnitReportReporter -->
<testsuite hostname="ajay-singh-lodhi" failures="0" tests="12" name="grit_controls.MiscellaneousMobile" time="254.258" errors="0" timestamp="2023-09-09T18:06:35 IST" skipped="0">
  <testcase classname="grit_controls.MiscellaneousMobile" name="test07" time="14.156"/>
  <system-out/>
  <testcase classname="grit_controls.MiscellaneousMobile" name="test06" time="14.002"/>
  <system-out/>
  <testcase classname="grit_controls.MiscellaneousMobile" name="test08" time="14.057"/>
  <system-out/>
  <testcase classname="grit_controls.MiscellaneousMobile" name="test09" time="13.838"/>
  <system-out/>
  <testcase classname="grit_controls.MiscellaneousMobile" name="test02" time="24.748"/>
  <system-out/>
  <testcase classname="grit_controls.MiscellaneousMobile" name="test03" time="25.172"/>
  <system-out/>
  <testcase classname="grit_controls.MiscellaneousMobile" name="test00" time="26.498"/>
  <system-out/>
  <testcase classname="grit_controls.MiscellaneousMobile" name="test10" time="33.432"/>
  <system-out/>
  <testcase classname="grit_controls.MiscellaneousMobile" name="test11" time="34.389"/>
  <system-out/>
  <testcase classname="grit_controls.MiscellaneousMobile" name="test05" time="14.041"/>
  <system-out/>
  <testcase classname="grit_controls.MiscellaneousMobile" name="test04" time="14.198"/>
  <system-out/>
  <testcase classname="grit_controls.MiscellaneousMobile" name="test01" time="25.727"/>
  <system-out/>
</testsuite> <!-- grit_controls.MiscellaneousMobile -->
