<?xml version="1.0" encoding="UTF-8"?>
<!-- Generated by org.testng.reporters.JUnitReportReporter -->
<testsuite hostname="ajay-singh-lodhi" failures="0" tests="7" name="grit.model" time="87.791" errors="0" timestamp="2021-11-18T18:07:29 IST" skipped="0">
  <testcase classname="grit.model" name="test" time="12.349"/>
  <system-out/>
  <testcase classname="grit.model" name="test5" time="12.861"/>
  <system-out/>
  <testcase classname="grit.model" name="test1" time="11.990"/>
  <system-out/>
  <testcase classname="grit.model" name="test4" time="12.415"/>
  <system-out/>
  <testcase classname="grit.model" name="test2" time="12.140"/>
  <system-out/>
  <testcase classname="grit.model" name="test6" time="13.555"/>
  <system-out/>
  <testcase classname="grit.model" name="test3" time="12.481"/>
  <system-out/>
</testsuite> <!-- grit.model -->
