<?xml version="1.0" encoding="UTF-8"?>
<!-- Generated by org.testng.reporters.JUnitReportReporter -->
<testsuite hostname="ajay-singh-lodhi" failures="0" tests="16" name="grit_controls.Filedeck" time="394.763" errors="0" timestamp="2023-09-08T14:12:39 IST" skipped="0">
  <testcase classname="grit_controls.Filedeck" name="test04" time="26.751"/>
  <system-out/>
  <testcase classname="grit_controls.Filedeck" name="test11" time="27.085"/>
  <system-out/>
  <testcase classname="grit_controls.Filedeck" name="test05" time="26.846"/>
  <system-out/>
  <testcase classname="grit_controls.Filedeck" name="test07" time="26.961"/>
  <system-out/>
  <testcase classname="grit_controls.Filedeck" name="test14" time="19.511"/>
  <system-out/>
  <testcase classname="grit_controls.Filedeck" name="test09" time="26.413"/>
  <system-out/>
  <testcase classname="grit_controls.Filedeck" name="test" time="19.726"/>
  <system-out/>
  <testcase classname="grit_controls.Filedeck" name="test03" time="23.083"/>
  <system-out/>
  <testcase classname="grit_controls.Filedeck" name="test02" time="23.183"/>
  <system-out/>
  <testcase classname="grit_controls.Filedeck" name="test10" time="26.934"/>
  <system-out/>
  <testcase classname="grit_controls.Filedeck" name="test08" time="26.812"/>
  <system-out/>
  <testcase classname="grit_controls.Filedeck" name="test06" time="26.803"/>
  <system-out/>
  <testcase classname="grit_controls.Filedeck" name="test13" time="19.471"/>
  <system-out/>
  <testcase classname="grit_controls.Filedeck" name="test12" time="33.806"/>
  <system-out/>
  <testcase classname="grit_controls.Filedeck" name="test15" time="19.464"/>
  <system-out/>
  <testcase classname="grit_controls.Filedeck" name="test01" time="21.914"/>
  <system-out/>
</testsuite> <!-- grit_controls.Filedeck -->
