<?xml version="1.0" encoding="UTF-8"?>
<!-- Generated by org.testng.reporters.JUnitReportReporter -->
<testsuite hostname="ajay-singh-lodhi" failures="0" tests="10" name="grit.indicatorandmarker" time="132.778" errors="0" timestamp="2021-11-18T13:03:13 IST" skipped="0">
  <testcase classname="grit.indicatorandmarker" name="test1" time="14.530"/>
  <system-out/>
  <testcase classname="grit.indicatorandmarker" name="test7" time="16.689"/>
  <system-out/>
  <testcase classname="grit.indicatorandmarker" name="test6" time="16.643"/>
  <system-out/>
  <testcase classname="grit.indicatorandmarker" name="test5" time="11.083"/>
  <system-out/>
  <testcase classname="grit.indicatorandmarker" name="test2" time="13.482"/>
  <system-out/>
  <testcase classname="grit.indicatorandmarker" name="test8" time="10.293"/>
  <system-out/>
  <testcase classname="grit.indicatorandmarker" name="test3" time="13.675"/>
  <system-out/>
  <testcase classname="grit.indicatorandmarker" name="test9" time="10.459"/>
  <system-out/>
  <testcase classname="grit.indicatorandmarker" name="test" time="14.944"/>
  <system-out/>
  <testcase classname="grit.indicatorandmarker" name="test4" time="10.980"/>
  <system-out/>
</testsuite> <!-- grit.indicatorandmarker -->
