<?xml version="1.0" encoding="UTF-8"?>
<!-- Generated by org.testng.reporters.JUnitReportReporter -->
<testsuite hostname="ajay-singh-lodhi" failures="0" tests="2" name="grit.videocall" time="21.362" errors="0" timestamp="2021-11-18T11:15:32 IST" skipped="0">
  <testcase classname="grit.videocall" name="test" time="11.067"/>
  <system-out/>
  <testcase classname="grit.videocall" name="test1" time="10.295"/>
  <system-out/>
</testsuite> <!-- grit.videocall -->
