<?xml version="1.0" encoding="UTF-8"?>
<!-- Generated by org.testng.reporters.JUnitReportReporter -->
<testsuite hostname="ajay-singh-lodhi" failures="0" tests="1" name="grit.copy" time="10.125" errors="0" timestamp="2021-11-23T14:35:47 IST" skipped="0">
  <testcase classname="grit.copy" name="test2" time="10.125"/>
  <system-out/>
</testsuite> <!-- grit.copy -->
