<?xml version="1.0" encoding="UTF-8"?>
<!-- Generated by org.testng.reporters.JUnitReportReporter -->
<testsuite hostname="ajay-singh-lodhi" failures="0" tests="3" name="grit_controls.lazyconnect" time="59.845" errors="0" timestamp="2023-09-07T10:38:41 IST" skipped="0">
  <testcase classname="grit_controls.lazyconnect" name="test01" time="22.432"/>
  <system-out/>
  <testcase classname="grit_controls.lazyconnect" name="test02" time="22.496"/>
  <system-out/>
  <testcase classname="grit_controls.lazyconnect" name="test00" time="14.917"/>
  <system-out/>
</testsuite> <!-- grit_controls.lazyconnect -->
