<?xml version="1.0" encoding="UTF-8"?>
<!-- Generated by org.testng.reporters.JUnitReportReporter -->
<testsuite hostname="ajay-singh-lodhi" failures="0" tests="3" name="grit_controls.login_info" time="52.152" errors="0" timestamp="2022-12-05T13:03:35 IST" skipped="0">
  <testcase classname="grit_controls.login_info" name="test01" time="19.890"/>
  <system-out/>
  <testcase classname="grit_controls.login_info" name="test00" time="12.565"/>
  <system-out/>
  <testcase classname="grit_controls.login_info" name="test02" time="19.697"/>
  <system-out/>
</testsuite> <!-- grit_controls.login_info -->
