<?xml version="1.0" encoding="UTF-8"?>
<!-- Generated by org.testng.reporters.JUnitReportReporter -->
<testsuite hostname="ajay-singh-lodhi" failures="0" tests="1" name="Calling.NewTest1" time="23.103" errors="0" timestamp="2022-07-02T14:40:11 IST" skipped="0">
  <testcase classname="Calling.NewTest1" name="test3" time="23.103"/>
  <system-out/>
</testsuite> <!-- Calling.NewTest1 -->
