<?xml version="1.0" encoding="UTF-8"?>
<!-- Generated by org.testng.reporters.JUnitReportReporter -->
<testsuite hostname="ajay-singh-lodhi" failures="0" tests="2" name="grit.codesnippet" time="20.067" errors="0" timestamp="2021-11-18T14:44:30 IST" skipped="0">
  <testcase classname="grit.codesnippet" name="test1" time="9.674"/>
  <system-out/>
  <testcase classname="grit.codesnippet" name="test" time="10.393"/>
  <system-out/>
</testsuite> <!-- grit.codesnippet -->
