<?xml version="1.0" encoding="UTF-8"?>
<!-- Generated by org.testng.reporters.JUnitReportReporter -->
<testsuite hostname="ajay-singh-lodhi" failures="0" tests="3" name="grit.files" time="34.330" errors="0" timestamp="2021-11-19T19:18:28 IST" skipped="0">
  <testcase classname="grit.files" name="test" time="8.065"/>
  <system-out/>
  <testcase classname="grit.files" name="test1" time="13.255"/>
  <system-out/>
  <testcase classname="grit.files" name="test2" time="13.010"/>
  <system-out/>
</testsuite> <!-- grit.files -->
