<?xml version="1.0" encoding="UTF-8"?>
<!-- Generated by org.testng.reporters.JUnitReportReporter -->
<testsuite hostname="ajay-singh-lodhi" failures="0" tests="2" name="grit_controls.MiscellaneousOthers" time="56.391" errors="0" timestamp="2023-09-09T15:58:45 IST" skipped="0">
  <testcase classname="grit_controls.MiscellaneousOthers" name="test01" time="28.189"/>
  <system-out/>
  <testcase classname="grit_controls.MiscellaneousOthers" name="test00" time="28.202"/>
  <system-out/>
</testsuite> <!-- grit_controls.MiscellaneousOthers -->
