<?xml version="1.0" encoding="UTF-8"?>
<!-- Generated by org.testng.reporters.JUnitReportReporter -->
<testsuite hostname="ajay-singh-lodhi" failures="0" tests="28" name="grit_controls.Textmsgwithdropdown" time="1008.974" errors="0" timestamp="2023-09-09T18:40:22 IST" skipped="0">
  <testcase classname="grit_controls.Textmsgwithdropdown" name="test03" time="31.481"/>
  <system-out/>
  <testcase classname="grit_controls.Textmsgwithdropdown" name="test20" time="33.320"/>
  <system-out/>
  <testcase classname="grit_controls.Textmsgwithdropdown" name="test06" time="41.122"/>
  <system-out/>
  <testcase classname="grit_controls.Textmsgwithdropdown" name="test14" time="34.023"/>
  <system-out/>
  <testcase classname="grit_controls.Textmsgwithdropdown" name="test05" time="32.675"/>
  <system-out/>
  <testcase classname="grit_controls.Textmsgwithdropdown" name="test01" time="35.287"/>
  <system-out/>
  <testcase classname="grit_controls.Textmsgwithdropdown" name="test09" time="34.081"/>
  <system-out/>
  <testcase classname="grit_controls.Textmsgwithdropdown" name="test25" time="39.626"/>
  <system-out/>
  <testcase classname="grit_controls.Textmsgwithdropdown" name="test26" time="29.625"/>
  <system-out/>
  <testcase classname="grit_controls.Textmsgwithdropdown" name="test07" time="42.950"/>
  <system-out/>
  <testcase classname="grit_controls.Textmsgwithdropdown" name="test11" time="41.205"/>
  <system-out/>
  <testcase classname="grit_controls.Textmsgwithdropdown" name="test15" time="32.961"/>
  <system-out/>
  <testcase classname="grit_controls.Textmsgwithdropdown" name="test18" time="37.567"/>
  <system-out/>
  <testcase classname="grit_controls.Textmsgwithdropdown" name="test02" time="35.483"/>
  <system-out/>
  <testcase classname="grit_controls.Textmsgwithdropdown" name="test13" time="36.871"/>
  <system-out/>
  <testcase classname="grit_controls.Textmsgwithdropdown" name="test16" time="41.231"/>
  <system-out/>
  <testcase classname="grit_controls.Textmsgwithdropdown" name="test22" time="40.464"/>
  <system-out/>
  <testcase classname="grit_controls.Textmsgwithdropdown" name="test12" time="42.299"/>
  <system-out/>
  <testcase classname="grit_controls.Textmsgwithdropdown" name="test10" time="32.540"/>
  <system-out/>
  <testcase classname="grit_controls.Textmsgwithdropdown" name="test" time="26.937"/>
  <system-out/>
  <testcase classname="grit_controls.Textmsgwithdropdown" name="test27" time="30.345"/>
  <system-out/>
  <testcase classname="grit_controls.Textmsgwithdropdown" name="test08" time="37.538"/>
  <system-out/>
  <testcase classname="grit_controls.Textmsgwithdropdown" name="test23" time="37.470"/>
  <system-out/>
  <testcase classname="grit_controls.Textmsgwithdropdown" name="test04" time="30.250"/>
  <system-out/>
  <testcase classname="grit_controls.Textmsgwithdropdown" name="test17" time="41.487"/>
  <system-out/>
  <testcase classname="grit_controls.Textmsgwithdropdown" name="test24" time="34.488"/>
  <system-out/>
  <testcase classname="grit_controls.Textmsgwithdropdown" name="test21" time="41.267"/>
  <system-out/>
  <testcase classname="grit_controls.Textmsgwithdropdown" name="test19" time="34.381"/>
  <system-out/>
</testsuite> <!-- grit_controls.Textmsgwithdropdown -->
