<?xml version="1.0" encoding="UTF-8"?>
<!-- Generated by org.testng.reporters.JUnitReportReporter -->
<testsuite hostname="ajay-singh-lodhi" failures="0" tests="7" name="SSP.SSPloginpage" time="41.199" errors="0" timestamp="2023-04-19T19:22:26 IST" skipped="0">
  <testcase classname="SSP.SSPloginpage" name="test01" time="5.837"/>
  <system-out/>
  <testcase classname="SSP.SSPloginpage" name="test04" time="5.876"/>
  <system-out/>
  <testcase classname="SSP.SSPloginpage" name="test06" time="5.828"/>
  <system-out/>
  <testcase classname="SSP.SSPloginpage" name="test00" time="6.296"/>
  <system-out/>
  <testcase classname="SSP.SSPloginpage" name="test05" time="5.787"/>
  <system-out/>
  <testcase classname="SSP.SSPloginpage" name="test02" time="5.795"/>
  <system-out/>
  <testcase classname="SSP.SSPloginpage" name="test03" time="5.780"/>
  <system-out/>
</testsuite> <!-- SSP.SSPloginpage -->
