<?xml version="1.0" encoding="UTF-8"?>
<!-- Generated by org.testng.reporters.JUnitReportReporter -->
<testsuite hostname="ajay-singh-lodhi" failures="0" tests="4" name="grit_controls.Applanguages" time="56.761" errors="0" timestamp="2022-12-05T12:14:01 IST" skipped="0">
  <testcase classname="grit_controls.Applanguages" name="test02" time="12.941"/>
  <system-out/>
  <testcase classname="grit_controls.Applanguages" name="test03" time="18.716"/>
  <system-out/>
  <testcase classname="grit_controls.Applanguages" name="test00" time="12.134"/>
  <system-out/>
  <testcase classname="grit_controls.Applanguages" name="test01" time="12.970"/>
  <system-out/>
</testsuite> <!-- grit_controls.Applanguages -->
