<?xml version="1.0" encoding="UTF-8"?>
<!-- Generated by org.testng.reporters.JUnitReportReporter -->
<testsuite hostname="ajay-singh-lodhi" failures="0" tests="40" name="SSP.SSPCreateLicense" time="764.394" errors="0" timestamp="2023-04-20T11:37:19 IST" skipped="0">
  <testcase classname="SSP.SSPCreateLicense" name="test23" time="22.280"/>
  <system-out/>
  <testcase classname="SSP.SSPCreateLicense" name="test05" time="11.109"/>
  <system-out/>
  <testcase classname="SSP.SSPCreateLicense" name="test06" time="11.168"/>
  <system-out/>
  <testcase classname="SSP.SSPCreateLicense" name="test10" time="12.432"/>
  <system-out/>
  <testcase classname="SSP.SSPCreateLicense" name="test33" time="24.421"/>
  <system-out/>
  <testcase classname="SSP.SSPCreateLicense" name="test00" time="8.341"/>
  <system-out/>
  <testcase classname="SSP.SSPCreateLicense" name="test31" time="23.414"/>
  <system-out/>
  <testcase classname="SSP.SSPCreateLicense" name="test28" time="23.497"/>
  <system-out/>
  <testcase classname="SSP.SSPCreateLicense" name="test07" time="11.252"/>
  <system-out/>
  <testcase classname="SSP.SSPCreateLicense" name="test22" time="21.191"/>
  <system-out/>
  <testcase classname="SSP.SSPCreateLicense" name="test11" time="12.529"/>
  <system-out/>
  <testcase classname="SSP.SSPCreateLicense" name="test29" time="23.269"/>
  <system-out/>
  <testcase classname="SSP.SSPCreateLicense" name="test24" time="22.333"/>
  <system-out/>
  <testcase classname="SSP.SSPCreateLicense" name="test16" time="15.562"/>
  <system-out/>
  <testcase classname="SSP.SSPCreateLicense" name="test18" time="14.486"/>
  <system-out/>
  <testcase classname="SSP.SSPCreateLicense" name="test32" time="23.361"/>
  <system-out/>
  <testcase classname="SSP.SSPCreateLicense" name="test37" time="35.913"/>
  <system-out/>
  <testcase classname="SSP.SSPCreateLicense" name="test20" time="20.214"/>
  <system-out/>
  <testcase classname="SSP.SSPCreateLicense" name="test39" time="34.750"/>
  <system-out/>
  <testcase classname="SSP.SSPCreateLicense" name="test38" time="35.385"/>
  <system-out/>
  <testcase classname="SSP.SSPCreateLicense" name="test30" time="23.219"/>
  <system-out/>
  <testcase classname="SSP.SSPCreateLicense" name="test01" time="9.846"/>
  <system-out/>
  <testcase classname="SSP.SSPCreateLicense" name="test03" time="11.065"/>
  <system-out/>
  <testcase classname="SSP.SSPCreateLicense" name="test26" time="23.386"/>
  <system-out/>
  <testcase classname="SSP.SSPCreateLicense" name="test27" time="23.385"/>
  <system-out/>
  <testcase classname="SSP.SSPCreateLicense" name="test13" time="13.313"/>
  <system-out/>
  <testcase classname="SSP.SSPCreateLicense" name="test25" time="23.257"/>
  <system-out/>
  <testcase classname="SSP.SSPCreateLicense" name="test09" time="12.794"/>
  <system-out/>
  <testcase classname="SSP.SSPCreateLicense" name="test02" time="10.950"/>
  <system-out/>
  <testcase classname="SSP.SSPCreateLicense" name="test34" time="26.456"/>
  <system-out/>
  <testcase classname="SSP.SSPCreateLicense" name="test36" time="33.180"/>
  <system-out/>
  <testcase classname="SSP.SSPCreateLicense" name="test19" time="17.982"/>
  <system-out/>
  <testcase classname="SSP.SSPCreateLicense" name="test12" time="14.804"/>
  <system-out/>
  <testcase classname="SSP.SSPCreateLicense" name="test17" time="14.565"/>
  <system-out/>
  <testcase classname="SSP.SSPCreateLicense" name="test08" time="12.304"/>
  <system-out/>
  <testcase classname="SSP.SSPCreateLicense" name="test14" time="12.201"/>
  <system-out/>
  <testcase classname="SSP.SSPCreateLicense" name="test21" time="21.047"/>
  <system-out/>
  <testcase classname="SSP.SSPCreateLicense" name="test15" time="14.345"/>
  <system-out/>
  <testcase classname="SSP.SSPCreateLicense" name="test04" time="11.545"/>
  <system-out/>
  <testcase classname="SSP.SSPCreateLicense" name="test35" time="27.843"/>
  <system-out/>
</testsuite> <!-- SSP.SSPCreateLicense -->
