<?xml version="1.0" encoding="UTF-8"?>
<!-- Generated by org.testng.reporters.JUnitReportReporter -->
<testsuite hostname="ajay-singh-lodhi" failures="1" tests="18" name="grit_controls.Trumpet" time="259.773" errors="0" timestamp="2022-12-05T19:26:49 IST" skipped="0">
  <testcase classname="grit_controls.Trumpet" name="test09" time="13.307"/>
  <system-out/>
  <testcase classname="grit_controls.Trumpet" name="test10" time="13.016"/>
  <system-out/>
  <testcase classname="grit_controls.Trumpet" name="test06" time="14.327"/>
  <system-out/>
  <testcase classname="grit_controls.Trumpet" name="test17" time="16.058"/>
  <system-out/>
  <testcase classname="grit_controls.Trumpet" name="test05" time="14.396"/>
  <system-out/>
  <testcase classname="grit_controls.Trumpet" name="test01" time="13.260"/>
  <system-out/>
  <testcase classname="grit_controls.Trumpet" name="test02" time="13.308"/>
  <system-out/>
  <testcase classname="grit_controls.Trumpet" name="test03" time="13.130"/>
  <system-out/>
  <testcase classname="grit_controls.Trumpet" name="test12" time="15.902"/>
  <system-out/>
  <testcase classname="grit_controls.Trumpet" name="test16" time="16.195"/>
  <system-out/>
  <testcase classname="grit_controls.Trumpet" name="test13" time="16.777"/>
  <system-out/>
  <testcase classname="grit_controls.Trumpet" name="test07" time="14.222"/>
  <system-out/>
  <testcase classname="grit_controls.Trumpet" name="test15" time="16.062"/>
  <system-out/>
  <testcase classname="grit_controls.Trumpet" name="test14" time="16.913"/>
  <system-out/>
  <testcase classname="grit_controls.Trumpet" name="test04" time="12.982"/>
  <system-out/>
  <testcase classname="grit_controls.Trumpet" name="test08" time="13.136"/>
  <system-out/>
  <testcase classname="grit_controls.Trumpet" name="test00" time="11.388"/>
  <system-out/>
  <testcase classname="grit_controls.Trumpet" name="test11" time="15.394">
    <failure message="expected:&lt;[Save]&gt; but was:&lt;[Akhil]&gt;" type="org.junit.ComparisonFailure">
      <![CDATA[org.junit.ComparisonFailure: expected:<[Save]> but was:<[Akhil]>
at org.junit.Assert.assertEquals(Assert.java:117)
at org.junit.Assert.assertEquals(Assert.java:146)
at grit_controls.Trumpet.test11(Trumpet.java:698)
at java.base/jdk.internal.reflect.NativeMethodAccessorImpl.invoke0(Native Method)
at java.base/jdk.internal.reflect.NativeMethodAccessorImpl.invoke(NativeMethodAccessorImpl.java:78)
at java.base/jdk.internal.reflect.DelegatingMethodAccessorImpl.invoke(DelegatingMethodAccessorImpl.java:43)
at java.base/java.lang.reflect.Method.invoke(Method.java:567)
at org.testng.internal.MethodInvocationHelper.invokeMethod(MethodInvocationHelper.java:133)
at org.testng.internal.TestInvoker.invokeMethod(TestInvoker.java:598)
at org.testng.internal.TestInvoker.invokeTestMethod(TestInvoker.java:173)
at org.testng.internal.MethodRunner.runInSequence(MethodRunner.java:46)
at org.testng.internal.TestInvoker$MethodInvocationAgent.invoke(TestInvoker.java:824)
at org.testng.internal.TestInvoker.invokeTestMethods(TestInvoker.java:146)
at org.testng.internal.TestMethodWorker.invokeTestMethods(TestMethodWorker.java:146)
at org.testng.internal.TestMethodWorker.run(TestMethodWorker.java:128)
at java.base/java.util.ArrayList.forEach(ArrayList.java:1511)
at org.testng.TestRunner.privateRun(TestRunner.java:794)
at org.testng.TestRunner.run(TestRunner.java:596)
at org.testng.SuiteRunner.runTest(SuiteRunner.java:377)
at org.testng.SuiteRunner.runSequentially(SuiteRunner.java:371)
at org.testng.SuiteRunner.privateRun(SuiteRunner.java:332)
at org.testng.SuiteRunner.run(SuiteRunner.java:276)
at org.testng.SuiteRunnerWorker.runSuite(SuiteRunnerWorker.java:53)
at org.testng.SuiteRunnerWorker.run(SuiteRunnerWorker.java:96)
at org.testng.TestNG.runSuitesSequentially(TestNG.java:1212)
at org.testng.TestNG.runSuitesLocally(TestNG.java:1134)
at org.testng.TestNG.runSuites(TestNG.java:1063)
at org.testng.TestNG.run(TestNG.java:1031)
at org.testng.remote.AbstractRemoteTestNG.run(AbstractRemoteTestNG.java:115)
at org.testng.remote.RemoteTestNG.initAndRun(RemoteTestNG.java:251)
at org.testng.remote.RemoteTestNG.main(RemoteTestNG.java:77)
]]>
    </failure>
  </testcase> <!-- test11 -->
  <system-out/>
</testsuite> <!-- grit_controls.Trumpet -->
