<?xml version="1.0" encoding="UTF-8"?>
<!-- Generated by org.testng.reporters.JUnitReportReporter -->
<testsuite hostname="ajay-singh-lodhi" failures="0" tests="7" name="units.Global" time="66.930" errors="0" timestamp="2021-11-29T12:59:50 IST" skipped="0">
  <testcase classname="units.Global" name="test4" time="8.157"/>
  <system-out/>
  <testcase classname="units.Global" name="test6" time="9.412"/>
  <system-out/>
  <testcase classname="units.Global" name="test5" time="7.973"/>
  <system-out/>
  <testcase classname="units.Global" name="test1" time="9.977"/>
  <system-out/>
  <testcase classname="units.Global" name="test" time="9.899"/>
  <system-out/>
  <testcase classname="units.Global" name="test2" time="9.300"/>
  <system-out/>
  <testcase classname="units.Global" name="test3" time="12.212"/>
  <system-out/>
</testsuite> <!-- units.Global -->
