<?xml version="1.0" encoding="UTF-8"?>
<!-- Generated by org.testng.reporters.JUnitReportReporter -->
<testsuite hostname="ajay-singh-lodhi" failures="0" tests="27" name="grit_controls.Textmsgwithrightclick" time="938.580" errors="0" timestamp="2023-09-08T18:12:35 IST" skipped="0">
  <testcase classname="grit_controls.Textmsgwithrightclick" name="test25" time="36.266"/>
  <system-out/>
  <testcase classname="grit_controls.Textmsgwithrightclick" name="test21" time="39.464"/>
  <system-out/>
  <testcase classname="grit_controls.Textmsgwithrightclick" name="test26" time="29.560"/>
  <system-out/>
  <testcase classname="grit_controls.Textmsgwithrightclick" name="test06" time="39.453"/>
  <system-out/>
  <testcase classname="grit_controls.Textmsgwithrightclick" name="test20" time="31.119"/>
  <system-out/>
  <testcase classname="grit_controls.Textmsgwithrightclick" name="test08" time="35.085"/>
  <system-out/>
  <testcase classname="grit_controls.Textmsgwithrightclick" name="test09" time="34.703"/>
  <system-out/>
  <testcase classname="grit_controls.Textmsgwithrightclick" name="test12" time="39.553"/>
  <system-out/>
  <testcase classname="grit_controls.Textmsgwithrightclick" name="test19" time="35.173"/>
  <system-out/>
  <testcase classname="grit_controls.Textmsgwithrightclick" name="test07" time="38.452"/>
  <system-out/>
  <testcase classname="grit_controls.Textmsgwithrightclick" name="test02" time="33.886"/>
  <system-out/>
  <testcase classname="grit_controls.Textmsgwithrightclick" name="test11" time="38.640"/>
  <system-out/>
  <testcase classname="grit_controls.Textmsgwithrightclick" name="test05" time="31.037"/>
  <system-out/>
  <testcase classname="grit_controls.Textmsgwithrightclick" name="test16" time="39.915"/>
  <system-out/>
  <testcase classname="grit_controls.Textmsgwithrightclick" name="test01" time="33.480"/>
  <system-out/>
  <testcase classname="grit_controls.Textmsgwithrightclick" name="test10" time="30.663"/>
  <system-out/>
  <testcase classname="grit_controls.Textmsgwithrightclick" name="test24" time="34.577"/>
  <system-out/>
  <testcase classname="grit_controls.Textmsgwithrightclick" name="test18" time="36.420"/>
  <system-out/>
  <testcase classname="grit_controls.Textmsgwithrightclick" name="test13" time="34.768"/>
  <system-out/>
  <testcase classname="grit_controls.Textmsgwithrightclick" name="test15" time="31.266"/>
  <system-out/>
  <testcase classname="grit_controls.Textmsgwithrightclick" name="test22" time="38.882"/>
  <system-out/>
  <testcase classname="grit_controls.Textmsgwithrightclick" name="test23" time="36.101"/>
  <system-out/>
  <testcase classname="grit_controls.Textmsgwithrightclick" name="test" time="25.833"/>
  <system-out/>
  <testcase classname="grit_controls.Textmsgwithrightclick" name="test14" time="33.721"/>
  <system-out/>
  <testcase classname="grit_controls.Textmsgwithrightclick" name="test03" time="30.354"/>
  <system-out/>
  <testcase classname="grit_controls.Textmsgwithrightclick" name="test17" time="39.334"/>
  <system-out/>
  <testcase classname="grit_controls.Textmsgwithrightclick" name="test04" time="30.875"/>
  <system-out/>
</testsuite> <!-- grit_controls.Textmsgwithrightclick -->
