<?xml version="1.0" encoding="UTF-8"?>
<!-- Generated by org.testng.reporters.JUnitReportReporter -->
<testsuite hostname="ajay-singh-lodhi" failures="0" tests="25" name="grit.groups" time="327.825" errors="0" timestamp="2022-02-05T17:13:25 IST" skipped="0">
  <testcase classname="grit.groups" name="testcase10" time="13.521"/>
  <system-out/>
  <testcase classname="grit.groups" name="test" time="10.079"/>
  <system-out/>
  <testcase classname="grit.groups" name="test2" time="11.294"/>
  <system-out/>
  <testcase classname="grit.groups" name="test9" time="13.581"/>
  <system-out/>
  <testcase classname="grit.groups" name="testcases24" time="14.371"/>
  <system-out/>
  <testcase classname="grit.groups" name="testcase11" time="13.454"/>
  <system-out/>
  <testcase classname="grit.groups" name="test8" time="14.662"/>
  <system-out/>
  <testcase classname="grit.groups" name="testcase15" time="13.499"/>
  <system-out/>
  <testcase classname="grit.groups" name="test6" time="11.301"/>
  <system-out/>
  <testcase classname="grit.groups" name="test1" time="11.365"/>
  <system-out/>
  <testcase classname="grit.groups" name="test5" time="11.262"/>
  <system-out/>
  <testcase classname="grit.groups" name="testcase12" time="13.575"/>
  <system-out/>
  <testcase classname="grit.groups" name="testcases22" time="15.485"/>
  <system-out/>
  <testcase classname="grit.groups" name="test7" time="11.188"/>
  <system-out/>
  <testcase classname="grit.groups" name="testcases20" time="16.867"/>
  <system-out/>
  <testcase classname="grit.groups" name="testcase16" time="13.609"/>
  <system-out/>
  <testcase classname="grit.groups" name="testcase19" time="14.767"/>
  <system-out/>
  <testcase classname="grit.groups" name="testcases23" time="15.110"/>
  <system-out/>
  <testcase classname="grit.groups" name="testcase17" time="13.590"/>
  <system-out/>
  <testcase classname="grit.groups" name="testcases21" time="15.468"/>
  <system-out/>
  <testcase classname="grit.groups" name="test4" time="11.215"/>
  <system-out/>
  <testcase classname="grit.groups" name="test3" time="11.208"/>
  <system-out/>
  <testcase classname="grit.groups" name="testcase13" time="12.428"/>
  <system-out/>
  <testcase classname="grit.groups" name="testcase18" time="11.235"/>
  <system-out/>
  <testcase classname="grit.groups" name="testcase14" time="13.691"/>
  <system-out/>
</testsuite> <!-- grit.groups -->
