<?xml version="1.0" encoding="UTF-8"?>
<!-- Generated by org.testng.reporters.JUnitReportReporter -->
<testsuite hostname="ajay-singh-lodhi" failures="0" tests="1" name="excel.listofelements" time="7.046" errors="0" timestamp="2021-11-30T19:06:17 IST" skipped="0">
  <testcase classname="excel.listofelements" name="test12" time="7.046"/>
  <system-out/>
</testsuite> <!-- excel.listofelements -->
