<?xml version="1.0" encoding="UTF-8"?>
<!-- Generated by org.testng.reporters.JUnitReportReporter -->
<testsuite hostname="ajay-singh-lodhi" failures="0" tests="5" name="grit.logo" time="53.843" errors="0" timestamp="2021-11-18T19:05:54 IST" skipped="0">
  <testcase classname="grit.logo" name="test" time="9.614"/>
  <system-out/>
  <testcase classname="grit.logo" name="test4" time="12.584"/>
  <system-out/>
  <testcase classname="grit.logo" name="test3" time="11.292"/>
  <system-out/>
  <testcase classname="grit.logo" name="test1" time="9.123"/>
  <system-out/>
  <testcase classname="grit.logo" name="test2" time="11.230"/>
  <system-out/>
</testsuite> <!-- grit.logo -->
