<?xml version="1.0" encoding="UTF-8"?>
<!-- Generated by org.testng.reporters.JUnitReportReporter -->
<testsuite hostname="ajay-singh-lodhi" failures="0" tests="3" name="grit.mentions" time="21.566" errors="0" timestamp="2021-11-17T16:40:53 IST" skipped="0">
  <testcase classname="grit.mentions" name="test" time="7.027"/>
  <system-out/>
  <testcase classname="grit.mentions" name="Test1" time="7.384"/>
  <system-out/>
  <testcase classname="grit.mentions" name="Test2" time="7.155"/>
  <system-out/>
</testsuite> <!-- grit.mentions -->
