<?xml version="1.0" encoding="UTF-8"?>
<!-- Generated by org.testng.reporters.JUnitReportReporter -->
<testsuite hostname="ajay-singh-lodhi" failures="2" tests="26" name="grit_controls.VoiceMsg" time="882.279" errors="0" timestamp="2023-08-29T12:47:51 IST" skipped="0">
  <testcase classname="grit_controls.VoiceMsg" name="test08" time="36.608"/>
  <system-out/>
  <testcase classname="grit_controls.VoiceMsg" name="test13" time="36.946"/>
  <system-out/>
  <testcase classname="grit_controls.VoiceMsg" name="test17" time="36.240"/>
  <system-out/>
  <testcase classname="grit_controls.VoiceMsg" name="test01" time="34.498"/>
  <system-out/>
  <testcase classname="grit_controls.VoiceMsg" name="test10" time="30.344">
    <failure message="expected [Downloading Voice Message is restricted] but found []" type="java.lang.AssertionError">
      <![CDATA[java.lang.AssertionError: expected [Downloading Voice Message is restricted] but found []
at org.testng.Assert.fail(Assert.java:99)
at org.testng.Assert.failNotEquals(Assert.java:1037)
at org.testng.Assert.assertEqualsImpl(Assert.java:140)
at org.testng.Assert.assertEquals(Assert.java:122)
at org.testng.Assert.assertEquals(Assert.java:629)
at org.testng.Assert.assertEquals(Assert.java:639)
at grit_controls.VoiceMsg.test10(VoiceMsg.java:869)
at java.base/jdk.internal.reflect.NativeMethodAccessorImpl.invoke0(Native Method)
at java.base/jdk.internal.reflect.NativeMethodAccessorImpl.invoke(NativeMethodAccessorImpl.java:78)
at java.base/jdk.internal.reflect.DelegatingMethodAccessorImpl.invoke(DelegatingMethodAccessorImpl.java:43)
at java.base/java.lang.reflect.Method.invoke(Method.java:567)
at org.testng.internal.MethodInvocationHelper.invokeMethod(MethodInvocationHelper.java:133)
at org.testng.internal.TestInvoker.invokeMethod(TestInvoker.java:598)
at org.testng.internal.TestInvoker.invokeTestMethod(TestInvoker.java:173)
at org.testng.internal.MethodRunner.runInSequence(MethodRunner.java:46)
at org.testng.internal.TestInvoker$MethodInvocationAgent.invoke(TestInvoker.java:824)
at org.testng.internal.TestInvoker.invokeTestMethods(TestInvoker.java:146)
at org.testng.internal.TestMethodWorker.invokeTestMethods(TestMethodWorker.java:146)
at org.testng.internal.TestMethodWorker.run(TestMethodWorker.java:128)
at java.base/java.util.ArrayList.forEach(ArrayList.java:1511)
at org.testng.TestRunner.privateRun(TestRunner.java:794)
at org.testng.TestRunner.run(TestRunner.java:596)
at org.testng.SuiteRunner.runTest(SuiteRunner.java:377)
at org.testng.SuiteRunner.runSequentially(SuiteRunner.java:371)
at org.testng.SuiteRunner.privateRun(SuiteRunner.java:332)
at org.testng.SuiteRunner.run(SuiteRunner.java:276)
at org.testng.SuiteRunnerWorker.runSuite(SuiteRunnerWorker.java:53)
at org.testng.SuiteRunnerWorker.run(SuiteRunnerWorker.java:96)
at org.testng.TestNG.runSuitesSequentially(TestNG.java:1212)
at org.testng.TestNG.runSuitesLocally(TestNG.java:1134)
at org.testng.TestNG.runSuites(TestNG.java:1063)
at org.testng.TestNG.run(TestNG.java:1031)
at org.testng.remote.AbstractRemoteTestNG.run(AbstractRemoteTestNG.java:115)
at org.testng.remote.RemoteTestNG.initAndRun(RemoteTestNG.java:251)
at org.testng.remote.RemoteTestNG.main(RemoteTestNG.java:77)
]]>
    </failure>
  </testcase> <!-- test10 -->
  <system-out/>
  <testcase classname="grit_controls.VoiceMsg" name="test02" time="33.814"/>
  <system-out/>
  <testcase classname="grit_controls.VoiceMsg" name="test09" time="34.122"/>
  <system-out/>
  <testcase classname="grit_controls.VoiceMsg" name="test23" time="34.361"/>
  <system-out/>
  <testcase classname="grit_controls.VoiceMsg" name="test" time="32.702"/>
  <system-out/>
  <testcase classname="grit_controls.VoiceMsg" name="test18" time="28.882"/>
  <system-out/>
  <testcase classname="grit_controls.VoiceMsg" name="test15" time="35.300"/>
  <system-out/>
  <testcase classname="grit_controls.VoiceMsg" name="test20" time="37.766"/>
  <system-out/>
  <testcase classname="grit_controls.VoiceMsg" name="test07" time="33.839"/>
  <system-out/>
  <testcase classname="grit_controls.VoiceMsg" name="test05" time="33.053"/>
  <system-out/>
  <testcase classname="grit_controls.VoiceMsg" name="test11" time="37.095"/>
  <system-out/>
  <testcase classname="grit_controls.VoiceMsg" name="test06" time="27.751">
    <failure message="expected [Downloading Voice Message is restricted] but found []" type="java.lang.AssertionError">
      <![CDATA[java.lang.AssertionError: expected [Downloading Voice Message is restricted] but found []
at org.testng.Assert.fail(Assert.java:99)
at org.testng.Assert.failNotEquals(Assert.java:1037)
at org.testng.Assert.assertEqualsImpl(Assert.java:140)
at org.testng.Assert.assertEquals(Assert.java:122)
at org.testng.Assert.assertEquals(Assert.java:629)
at org.testng.Assert.assertEquals(Assert.java:639)
at grit_controls.VoiceMsg.test06(VoiceMsg.java:559)
at java.base/jdk.internal.reflect.NativeMethodAccessorImpl.invoke0(Native Method)
at java.base/jdk.internal.reflect.NativeMethodAccessorImpl.invoke(NativeMethodAccessorImpl.java:78)
at java.base/jdk.internal.reflect.DelegatingMethodAccessorImpl.invoke(DelegatingMethodAccessorImpl.java:43)
at java.base/java.lang.reflect.Method.invoke(Method.java:567)
at org.testng.internal.MethodInvocationHelper.invokeMethod(MethodInvocationHelper.java:133)
at org.testng.internal.TestInvoker.invokeMethod(TestInvoker.java:598)
at org.testng.internal.TestInvoker.invokeTestMethod(TestInvoker.java:173)
at org.testng.internal.MethodRunner.runInSequence(MethodRunner.java:46)
at org.testng.internal.TestInvoker$MethodInvocationAgent.invoke(TestInvoker.java:824)
at org.testng.internal.TestInvoker.invokeTestMethods(TestInvoker.java:146)
at org.testng.internal.TestMethodWorker.invokeTestMethods(TestMethodWorker.java:146)
at org.testng.internal.TestMethodWorker.run(TestMethodWorker.java:128)
at java.base/java.util.ArrayList.forEach(ArrayList.java:1511)
at org.testng.TestRunner.privateRun(TestRunner.java:794)
at org.testng.TestRunner.run(TestRunner.java:596)
at org.testng.SuiteRunner.runTest(SuiteRunner.java:377)
at org.testng.SuiteRunner.runSequentially(SuiteRunner.java:371)
at org.testng.SuiteRunner.privateRun(SuiteRunner.java:332)
at org.testng.SuiteRunner.run(SuiteRunner.java:276)
at org.testng.SuiteRunnerWorker.runSuite(SuiteRunnerWorker.java:53)
at org.testng.SuiteRunnerWorker.run(SuiteRunnerWorker.java:96)
at org.testng.TestNG.runSuitesSequentially(TestNG.java:1212)
at org.testng.TestNG.runSuitesLocally(TestNG.java:1134)
at org.testng.TestNG.runSuites(TestNG.java:1063)
at org.testng.TestNG.run(TestNG.java:1031)
at org.testng.remote.AbstractRemoteTestNG.run(AbstractRemoteTestNG.java:115)
at org.testng.remote.RemoteTestNG.initAndRun(RemoteTestNG.java:251)
at org.testng.remote.RemoteTestNG.main(RemoteTestNG.java:77)
]]>
    </failure>
  </testcase> <!-- test06 -->
  <system-out/>
  <testcase classname="grit_controls.VoiceMsg" name="test25" time="31.618"/>
  <system-out/>
  <testcase classname="grit_controls.VoiceMsg" name="test22" time="29.307"/>
  <system-out/>
  <testcase classname="grit_controls.VoiceMsg" name="test21" time="35.663"/>
  <system-out/>
  <testcase classname="grit_controls.VoiceMsg" name="test14" time="29.561"/>
  <system-out/>
  <testcase classname="grit_controls.VoiceMsg" name="test19" time="34.774"/>
  <system-out/>
  <testcase classname="grit_controls.VoiceMsg" name="test12" time="39.067"/>
  <system-out/>
  <testcase classname="grit_controls.VoiceMsg" name="test03" time="32.336"/>
  <system-out/>
  <testcase classname="grit_controls.VoiceMsg" name="test16" time="38.360"/>
  <system-out/>
  <testcase classname="grit_controls.VoiceMsg" name="test24" time="32.674"/>
  <system-out/>
  <testcase classname="grit_controls.VoiceMsg" name="test04" time="35.598"/>
  <system-out/>
</testsuite> <!-- grit_controls.VoiceMsg -->
