<?xml version="1.0" encoding="UTF-8"?>
<!-- Generated by org.testng.reporters.JUnitReportReporter -->
<testsuite hostname="ajay-singh-lodhi" failures="0" tests="29" name="grit_controls.Edit" time="969.455" errors="0" timestamp="2023-09-06T18:19:58 IST" skipped="0">
  <testcase classname="grit_controls.Edit" name="test02" time="35.629"/>
  <system-out/>
  <testcase classname="grit_controls.Edit" name="test18" time="32.207"/>
  <system-out/>
  <testcase classname="grit_controls.Edit" name="test09" time="35.754"/>
  <system-out/>
  <testcase classname="grit_controls.Edit" name="test03" time="36.167"/>
  <system-out/>
  <testcase classname="grit_controls.Edit" name="test11" time="30.128"/>
  <system-out/>
  <testcase classname="grit_controls.Edit" name="test22" time="36.184"/>
  <system-out/>
  <testcase classname="grit_controls.Edit" name="test26" time="36.642"/>
  <system-out/>
  <testcase classname="grit_controls.Edit" name="test13" time="32.013"/>
  <system-out/>
  <testcase classname="grit_controls.Edit" name="test08" time="38.175"/>
  <system-out/>
  <testcase classname="grit_controls.Edit" name="test21" time="34.789"/>
  <system-out/>
  <testcase classname="grit_controls.Edit" name="test04" time="33.213"/>
  <system-out/>
  <testcase classname="grit_controls.Edit" name="test19" time="34.693"/>
  <system-out/>
  <testcase classname="grit_controls.Edit" name="test28" time="24.974"/>
  <system-out/>
  <testcase classname="grit_controls.Edit" name="test12" time="32.421"/>
  <system-out/>
  <testcase classname="grit_controls.Edit" name="test" time="27.891"/>
  <system-out/>
  <testcase classname="grit_controls.Edit" name="test10" time="27.730"/>
  <system-out/>
  <testcase classname="grit_controls.Edit" name="test14" time="30.622"/>
  <system-out/>
  <testcase classname="grit_controls.Edit" name="test17" time="29.766"/>
  <system-out/>
  <testcase classname="grit_controls.Edit" name="test25" time="35.211"/>
  <system-out/>
  <testcase classname="grit_controls.Edit" name="test01" time="34.295"/>
  <system-out/>
  <testcase classname="grit_controls.Edit" name="test06" time="36.223"/>
  <system-out/>
  <testcase classname="grit_controls.Edit" name="test20" time="36.410"/>
  <system-out/>
  <testcase classname="grit_controls.Edit" name="test07" time="37.846"/>
  <system-out/>
  <testcase classname="grit_controls.Edit" name="test16" time="30.746"/>
  <system-out/>
  <testcase classname="grit_controls.Edit" name="test27" time="36.011"/>
  <system-out/>
  <testcase classname="grit_controls.Edit" name="test05" time="29.600"/>
  <system-out/>
  <testcase classname="grit_controls.Edit" name="test24" time="36.719"/>
  <system-out/>
  <testcase classname="grit_controls.Edit" name="test23" time="35.264"/>
  <system-out/>
  <testcase classname="grit_controls.Edit" name="test15" time="32.132"/>
  <system-out/>
</testsuite> <!-- grit_controls.Edit -->
